Arguments: 
  E:\nodejs\node.exe E:\nodejs\node_modules\yarn\bin\yarn.js add transform-decorators-legacy --save-dev

PATH: 
  C:\Users\yuanxiaosi\bin;E:\Git\mingw64\bin;E:\Git\usr\local\bin;E:\Git\usr\bin;E:\Git\usr\bin;E:\Git\mingw64\bin;E:\Git\usr\bin;C:\Users\yuanxiaosi\bin;C:\Program Files\Docker\Docker\Resources\bin;C:\WINDOWS\system32;C:\WINDOWS;C:\WINDOWS\System32\Wbem;C:\WINDOWS\System32\WindowsPowerShell\v1.0;C:\WINDOWS\System32\OpenSSH;E:\Git\cmd;E:\nvmw;E:\nvm;E:\nodejs;C:\Users\yuanxiaosi\AppData\Local\Microsoft\WindowsApps;E:\.nvmw;E:\nvm;E:\nodejs;E:\go\bin;E:\gopath\bin;E:\Sublime Text 3;E:\phantomjs-2.1.1-windows\bin;C:\Users\yuanxiaosi\Desktop\test\seo\node_modules\phantomjs-prebuilt;E:\Microsoft VS Code\bin;E:\mingw\bin;E:\mysql-5.7.23-winx64\bin;E:\Erlang\erl10.2\bin;E:\Git\usr\bin\vendor_perl;E:\Git\usr\bin\core_perl

Yarn version: 
  1.9.4

Node version: 
  7.0.0

Platform: 
  win32 x64

Trace: 
  Error: http://xnpm.repo.xunlei.cn/transform-decorators-legacy: no such package available
      at Request.params.callback [as _callback] (E:\nvm\v7.0.0\node_modules\yarn\lib\cli.js:64202:18)
      at Request.self.callback (E:\nvm\v7.0.0\node_modules\yarn\lib\cli.js:137468:22)
      at emitTwo (events.js:106:13)
      at Request.emit (events.js:191:7)
      at Request.<anonymous> (E:\nvm\v7.0.0\node_modules\yarn\lib\cli.js:138440:10)
      at emitOne (events.js:96:13)
      at Request.emit (events.js:188:7)
      at IncomingMessage.<anonymous> (E:\nvm\v7.0.0\node_modules\yarn\lib\cli.js:138362:12)
      at IncomingMessage.g (events.js:291:16)
      at emitNone (events.js:91:20)

npm manifest: 
  {
    "name": "mobx",
    "version": "1.0.0",
    "main": "index.js",
    "license": "MIT",
    "dependencies": {
      "@babel/core": "^7.3.4",
      "@babel/preset-env": "^7.3.4",
      "@babel/preset-react": "^7.0.0",
      "babel-loader": "^8.0.5",
      "react": "^16.8.3",
      "react-dom": "^16.8.3"
    }
  }

yarn manifest: 
  No manifest

Lockfile: 
  # THIS IS AN AUTOGENERATED FILE. DO NOT EDIT THIS FILE DIRECTLY.
  # yarn lockfile v1
  
  
  "@babel/code-frame@^7.0.0":
    version "7.0.0"
    resolved "http://xnpm.repo.xunlei.cn/@babel%2fcode-frame/-/code-frame-7.0.0.tgz#06e2ab19bdb535385559aabb5ba59729482800f8"
    dependencies:
      "@babel/highlight" "^7.0.0"
  
  "@babel/core@^7.3.4":
    version "7.3.4"
    resolved "http://xnpm.repo.xunlei.cn/@babel%2fcore/-/core-7.3.4.tgz#921a5a13746c21e32445bf0798680e9d11a6530b"
    dependencies:
      "@babel/code-frame" "^7.0.0"
      "@babel/generator" "^7.3.4"
      "@babel/helpers" "^7.2.0"
      "@babel/parser" "^7.3.4"
      "@babel/template" "^7.2.2"
      "@babel/traverse" "^7.3.4"
      "@babel/types" "^7.3.4"
      convert-source-map "^1.1.0"
      debug "^4.1.0"
      json5 "^2.1.0"
      lodash "^4.17.11"
      resolve "^1.3.2"
      semver "^5.4.1"
      source-map "^0.5.0"
  
  "@babel/generator@^7.3.4":
    version "7.3.4"
    resolved "http://xnpm.repo.xunlei.cn/@babel%2fgenerator/-/generator-7.3.4.tgz#9aa48c1989257877a9d971296e5b73bfe72e446e"
    dependencies:
      "@babel/types" "^7.3.4"
      jsesc "^2.5.1"
      lodash "^4.17.11"
      source-map "^0.5.0"
      trim-right "^1.0.1"
  
  "@babel/helper-annotate-as-pure@^7.0.0":
    version "7.0.0"
    resolved "http://xnpm.repo.xunlei.cn/@babel%2fhelper-annotate-as-pure/-/helper-annotate-as-pure-7.0.0.tgz#323d39dd0b50e10c7c06ca7d7638e6864d8c5c32"
    dependencies:
      "@babel/types" "^7.0.0"
  
  "@babel/helper-builder-binary-assignment-operator-visitor@^7.1.0":
    version "7.1.0"
    resolved "http://xnpm.repo.xunlei.cn/@babel%2fhelper-builder-binary-assignment-operator-visitor/-/helper-builder-binary-assignment-operator-visitor-7.1.0.tgz#6b69628dfe4087798e0c4ed98e3d4a6b2fbd2f5f"
    dependencies:
      "@babel/helper-explode-assignable-expression" "^7.1.0"
      "@babel/types" "^7.0.0"
  
  "@babel/helper-builder-react-jsx@^7.3.0":
    version "7.3.0"
    resolved "http://xnpm.repo.xunlei.cn/@babel%2fhelper-builder-react-jsx/-/helper-builder-react-jsx-7.3.0.tgz#a1ac95a5d2b3e88ae5e54846bf462eeb81b318a4"
    dependencies:
      "@babel/types" "^7.3.0"
      esutils "^2.0.0"
  
  "@babel/helper-call-delegate@^7.1.0":
    version "7.1.0"
    resolved "http://xnpm.repo.xunlei.cn/@babel%2fhelper-call-delegate/-/helper-call-delegate-7.1.0.tgz#6a957f105f37755e8645343d3038a22e1449cc4a"
    dependencies:
      "@babel/helper-hoist-variables" "^7.0.0"
      "@babel/traverse" "^7.1.0"
      "@babel/types" "^7.0.0"
  
  "@babel/helper-define-map@^7.1.0":
    version "7.1.0"
    resolved "http://xnpm.repo.xunlei.cn/@babel%2fhelper-define-map/-/helper-define-map-7.1.0.tgz#3b74caec329b3c80c116290887c0dd9ae468c20c"
    dependencies:
      "@babel/helper-function-name" "^7.1.0"
      "@babel/types" "^7.0.0"
      lodash "^4.17.10"
  
  "@babel/helper-explode-assignable-expression@^7.1.0":
    version "7.1.0"
    resolved "http://xnpm.repo.xunlei.cn/@babel%2fhelper-explode-assignable-expression/-/helper-explode-assignable-expression-7.1.0.tgz#537fa13f6f1674df745b0c00ec8fe4e99681c8f6"
    dependencies:
      "@babel/traverse" "^7.1.0"
      "@babel/types" "^7.0.0"
  
  "@babel/helper-function-name@^7.1.0":
    version "7.1.0"
    resolved "http://xnpm.repo.xunlei.cn/@babel%2fhelper-function-name/-/helper-function-name-7.1.0.tgz#a0ceb01685f73355d4360c1247f582bfafc8ff53"
    dependencies:
      "@babel/helper-get-function-arity" "^7.0.0"
      "@babel/template" "^7.1.0"
      "@babel/types" "^7.0.0"
  
  "@babel/helper-get-function-arity@^7.0.0":
    version "7.0.0"
    resolved "http://xnpm.repo.xunlei.cn/@babel%2fhelper-get-function-arity/-/helper-get-function-arity-7.0.0.tgz#83572d4320e2a4657263734113c42868b64e49c3"
    dependencies:
      "@babel/types" "^7.0.0"
  
  "@babel/helper-hoist-variables@^7.0.0":
    version "7.0.0"
    resolved "http://xnpm.repo.xunlei.cn/@babel%2fhelper-hoist-variables/-/helper-hoist-variables-7.0.0.tgz#46adc4c5e758645ae7a45deb92bab0918c23bb88"
    dependencies:
      "@babel/types" "^7.0.0"
  
  "@babel/helper-member-expression-to-functions@^7.0.0":
    version "7.0.0"
    resolved "http://xnpm.repo.xunlei.cn/@babel%2fhelper-member-expression-to-functions/-/helper-member-expression-to-functions-7.0.0.tgz#8cd14b0a0df7ff00f009e7d7a436945f47c7a16f"
    dependencies:
      "@babel/types" "^7.0.0"
  
  "@babel/helper-module-imports@^7.0.0":
    version "7.0.0"
    resolved "http://xnpm.repo.xunlei.cn/@babel%2fhelper-module-imports/-/helper-module-imports-7.0.0.tgz#96081b7111e486da4d2cd971ad1a4fe216cc2e3d"
    dependencies:
      "@babel/types" "^7.0.0"
  
  "@babel/helper-module-transforms@^7.1.0":
    version "7.2.2"
    resolved "http://xnpm.repo.xunlei.cn/@babel%2fhelper-module-transforms/-/helper-module-transforms-7.2.2.tgz#ab2f8e8d231409f8370c883d20c335190284b963"
    dependencies:
      "@babel/helper-module-imports" "^7.0.0"
      "@babel/helper-simple-access" "^7.1.0"
      "@babel/helper-split-export-declaration" "^7.0.0"
      "@babel/template" "^7.2.2"
      "@babel/types" "^7.2.2"
      lodash "^4.17.10"
  
  "@babel/helper-optimise-call-expression@^7.0.0":
    version "7.0.0"
    resolved "http://xnpm.repo.xunlei.cn/@babel%2fhelper-optimise-call-expression/-/helper-optimise-call-expression-7.0.0.tgz#a2920c5702b073c15de51106200aa8cad20497d5"
    dependencies:
      "@babel/types" "^7.0.0"
  
  "@babel/helper-plugin-utils@^7.0.0":
    version "7.0.0"
    resolved "http://xnpm.repo.xunlei.cn/@babel%2fhelper-plugin-utils/-/helper-plugin-utils-7.0.0.tgz#bbb3fbee98661c569034237cc03967ba99b4f250"
  
  "@babel/helper-regex@^7.0.0":
    version "7.0.0"
    resolved "http://xnpm.repo.xunlei.cn/@babel%2fhelper-regex/-/helper-regex-7.0.0.tgz#2c1718923b57f9bbe64705ffe5640ac64d9bdb27"
    dependencies:
      lodash "^4.17.10"
  
  "@babel/helper-remap-async-to-generator@^7.1.0":
    version "7.1.0"
    resolved "http://xnpm.repo.xunlei.cn/@babel%2fhelper-remap-async-to-generator/-/helper-remap-async-to-generator-7.1.0.tgz#361d80821b6f38da75bd3f0785ece20a88c5fe7f"
    dependencies:
      "@babel/helper-annotate-as-pure" "^7.0.0"
      "@babel/helper-wrap-function" "^7.1.0"
      "@babel/template" "^7.1.0"
      "@babel/traverse" "^7.1.0"
      "@babel/types" "^7.0.0"
  
  "@babel/helper-replace-supers@^7.1.0", "@babel/helper-replace-supers@^7.3.4":
    version "7.3.4"
    resolved "http://xnpm.repo.xunlei.cn/@babel%2fhelper-replace-supers/-/helper-replace-supers-7.3.4.tgz#a795208e9b911a6eeb08e5891faacf06e7013e13"
    dependencies:
      "@babel/helper-member-expression-to-functions" "^7.0.0"
      "@babel/helper-optimise-call-expression" "^7.0.0"
      "@babel/traverse" "^7.3.4"
      "@babel/types" "^7.3.4"
  
  "@babel/helper-simple-access@^7.1.0":
    version "7.1.0"
    resolved "http://xnpm.repo.xunlei.cn/@babel%2fhelper-simple-access/-/helper-simple-access-7.1.0.tgz#65eeb954c8c245beaa4e859da6188f39d71e585c"
    dependencies:
      "@babel/template" "^7.1.0"
      "@babel/types" "^7.0.0"
  
  "@babel/helper-split-export-declaration@^7.0.0":
    version "7.0.0"
    resolved "http://xnpm.repo.xunlei.cn/@babel%2fhelper-split-export-declaration/-/helper-split-export-declaration-7.0.0.tgz#3aae285c0311c2ab095d997b8c9a94cad547d813"
    dependencies:
      "@babel/types" "^7.0.0"
  
  "@babel/helper-wrap-function@^7.1.0":
    version "7.2.0"
    resolved "http://xnpm.repo.xunlei.cn/@babel%2fhelper-wrap-function/-/helper-wrap-function-7.2.0.tgz#c4e0012445769e2815b55296ead43a958549f6fa"
    dependencies:
      "@babel/helper-function-name" "^7.1.0"
      "@babel/template" "^7.1.0"
      "@babel/traverse" "^7.1.0"
      "@babel/types" "^7.2.0"
  
  "@babel/helpers@^7.2.0":
    version "7.3.1"
    resolved "http://xnpm.repo.xunlei.cn/@babel%2fhelpers/-/helpers-7.3.1.tgz#949eec9ea4b45d3210feb7dc1c22db664c9e44b9"
    dependencies:
      "@babel/template" "^7.1.2"
      "@babel/traverse" "^7.1.5"
      "@babel/types" "^7.3.0"
  
  "@babel/highlight@^7.0.0":
    version "7.0.0"
    resolved "http://xnpm.repo.xunlei.cn/@babel%2fhighlight/-/highlight-7.0.0.tgz#f710c38c8d458e6dd9a201afb637fcb781ce99e4"
    dependencies:
      chalk "^2.0.0"
      esutils "^2.0.2"
      js-tokens "^4.0.0"
  
  "@babel/parser@^7.2.2", "@babel/parser@^7.3.4":
    version "7.3.4"
    resolved "http://xnpm.repo.xunlei.cn/@babel%2fparser/-/parser-7.3.4.tgz#a43357e4bbf4b92a437fb9e465c192848287f27c"
  
  "@babel/plugin-proposal-async-generator-functions@^7.2.0":
    version "7.2.0"
    resolved "http://xnpm.repo.xunlei.cn/@babel%2fplugin-proposal-async-generator-functions/-/plugin-proposal-async-generator-functions-7.2.0.tgz#b289b306669dce4ad20b0252889a15768c9d417e"
    dependencies:
      "@babel/helper-plugin-utils" "^7.0.0"
      "@babel/helper-remap-async-to-generator" "^7.1.0"
      "@babel/plugin-syntax-async-generators" "^7.2.0"
  
  "@babel/plugin-proposal-json-strings@^7.2.0":
    version "7.2.0"
    resolved "http://xnpm.repo.xunlei.cn/@babel%2fplugin-proposal-json-strings/-/plugin-proposal-json-strings-7.2.0.tgz#568ecc446c6148ae6b267f02551130891e29f317"
    dependencies:
      "@babel/helper-plugin-utils" "^7.0.0"
      "@babel/plugin-syntax-json-strings" "^7.2.0"
  
  "@babel/plugin-proposal-object-rest-spread@^7.3.4":
    version "7.3.4"
    resolved "http://xnpm.repo.xunlei.cn/@babel%2fplugin-proposal-object-rest-spread/-/plugin-proposal-object-rest-spread-7.3.4.tgz#47f73cf7f2a721aad5c0261205405c642e424654"
    dependencies:
      "@babel/helper-plugin-utils" "^7.0.0"
      "@babel/plugin-syntax-object-rest-spread" "^7.2.0"
  
  "@babel/plugin-proposal-optional-catch-binding@^7.2.0":
    version "7.2.0"
    resolved "http://xnpm.repo.xunlei.cn/@babel%2fplugin-proposal-optional-catch-binding/-/plugin-proposal-optional-catch-binding-7.2.0.tgz#135d81edb68a081e55e56ec48541ece8065c38f5"
    dependencies:
      "@babel/helper-plugin-utils" "^7.0.0"
      "@babel/plugin-syntax-optional-catch-binding" "^7.2.0"
  
  "@babel/plugin-proposal-unicode-property-regex@^7.2.0":
    version "7.2.0"
    resolved "http://xnpm.repo.xunlei.cn/@babel%2fplugin-proposal-unicode-property-regex/-/plugin-proposal-unicode-property-regex-7.2.0.tgz#abe7281fe46c95ddc143a65e5358647792039520"
    dependencies:
      "@babel/helper-plugin-utils" "^7.0.0"
      "@babel/helper-regex" "^7.0.0"
      regexpu-core "^4.2.0"
  
  "@babel/plugin-syntax-async-generators@^7.2.0":
    version "7.2.0"
    resolved "http://xnpm.repo.xunlei.cn/@babel%2fplugin-syntax-async-generators/-/plugin-syntax-async-generators-7.2.0.tgz#69e1f0db34c6f5a0cf7e2b3323bf159a76c8cb7f"
    dependencies:
      "@babel/helper-plugin-utils" "^7.0.0"
  
  "@babel/plugin-syntax-json-strings@^7.2.0":
    version "7.2.0"
    resolved "http://xnpm.repo.xunlei.cn/@babel%2fplugin-syntax-json-strings/-/plugin-syntax-json-strings-7.2.0.tgz#72bd13f6ffe1d25938129d2a186b11fd62951470"
    dependencies:
      "@babel/helper-plugin-utils" "^7.0.0"
  
  "@babel/plugin-syntax-jsx@^7.2.0":
    version "7.2.0"
    resolved "http://xnpm.repo.xunlei.cn/@babel%2fplugin-syntax-jsx/-/plugin-syntax-jsx-7.2.0.tgz#0b85a3b4bc7cdf4cc4b8bf236335b907ca22e7c7"
    dependencies:
      "@babel/helper-plugin-utils" "^7.0.0"
  
  "@babel/plugin-syntax-object-rest-spread@^7.2.0":
    version "7.2.0"
    resolved "http://xnpm.repo.xunlei.cn/@babel%2fplugin-syntax-object-rest-spread/-/plugin-syntax-object-rest-spread-7.2.0.tgz#3b7a3e733510c57e820b9142a6579ac8b0dfad2e"
    dependencies:
      "@babel/helper-plugin-utils" "^7.0.0"
  
  "@babel/plugin-syntax-optional-catch-binding@^7.2.0":
    version "7.2.0"
    resolved "http://xnpm.repo.xunlei.cn/@babel%2fplugin-syntax-optional-catch-binding/-/plugin-syntax-optional-catch-binding-7.2.0.tgz#a94013d6eda8908dfe6a477e7f9eda85656ecf5c"
    dependencies:
      "@babel/helper-plugin-utils" "^7.0.0"
  
  "@babel/plugin-transform-arrow-functions@^7.2.0":
    version "7.2.0"
    resolved "http://xnpm.repo.xunlei.cn/@babel%2fplugin-transform-arrow-functions/-/plugin-transform-arrow-functions-7.2.0.tgz#9aeafbe4d6ffc6563bf8f8372091628f00779550"
    dependencies:
      "@babel/helper-plugin-utils" "^7.0.0"
  
  "@babel/plugin-transform-async-to-generator@^7.3.4":
    version "7.3.4"
    resolved "http://xnpm.repo.xunlei.cn/@babel%2fplugin-transform-async-to-generator/-/plugin-transform-async-to-generator-7.3.4.tgz#4e45408d3c3da231c0e7b823f407a53a7eb3048c"
    dependencies:
      "@babel/helper-module-imports" "^7.0.0"
      "@babel/helper-plugin-utils" "^7.0.0"
      "@babel/helper-remap-async-to-generator" "^7.1.0"
  
  "@babel/plugin-transform-block-scoped-functions@^7.2.0":
    version "7.2.0"
    resolved "http://xnpm.repo.xunlei.cn/@babel%2fplugin-transform-block-scoped-functions/-/plugin-transform-block-scoped-functions-7.2.0.tgz#5d3cc11e8d5ddd752aa64c9148d0db6cb79fd190"
    dependencies:
      "@babel/helper-plugin-utils" "^7.0.0"
  
  "@babel/plugin-transform-block-scoping@^7.3.4":
    version "7.3.4"
    resolved "http://xnpm.repo.xunlei.cn/@babel%2fplugin-transform-block-scoping/-/plugin-transform-block-scoping-7.3.4.tgz#5c22c339de234076eee96c8783b2fed61202c5c4"
    dependencies:
      "@babel/helper-plugin-utils" "^7.0.0"
      lodash "^4.17.11"
  
  "@babel/plugin-transform-classes@^7.3.4":
    version "7.3.4"
    resolved "http://xnpm.repo.xunlei.cn/@babel%2fplugin-transform-classes/-/plugin-transform-classes-7.3.4.tgz#dc173cb999c6c5297e0b5f2277fdaaec3739d0cc"
    dependencies:
      "@babel/helper-annotate-as-pure" "^7.0.0"
      "@babel/helper-define-map" "^7.1.0"
      "@babel/helper-function-name" "^7.1.0"
      "@babel/helper-optimise-call-expression" "^7.0.0"
      "@babel/helper-plugin-utils" "^7.0.0"
      "@babel/helper-replace-supers" "^7.3.4"
      "@babel/helper-split-export-declaration" "^7.0.0"
      globals "^11.1.0"
  
  "@babel/plugin-transform-computed-properties@^7.2.0":
    version "7.2.0"
    resolved "http://xnpm.repo.xunlei.cn/@babel%2fplugin-transform-computed-properties/-/plugin-transform-computed-properties-7.2.0.tgz#83a7df6a658865b1c8f641d510c6f3af220216da"
    dependencies:
      "@babel/helper-plugin-utils" "^7.0.0"
  
  "@babel/plugin-transform-destructuring@^7.2.0":
    version "7.3.2"
    resolved "http://xnpm.repo.xunlei.cn/@babel%2fplugin-transform-destructuring/-/plugin-transform-destructuring-7.3.2.tgz#f2f5520be055ba1c38c41c0e094d8a461dd78f2d"
    dependencies:
      "@babel/helper-plugin-utils" "^7.0.0"
  
  "@babel/plugin-transform-dotall-regex@^7.2.0":
    version "7.2.0"
    resolved "http://xnpm.repo.xunlei.cn/@babel%2fplugin-transform-dotall-regex/-/plugin-transform-dotall-regex-7.2.0.tgz#f0aabb93d120a8ac61e925ea0ba440812dbe0e49"
    dependencies:
      "@babel/helper-plugin-utils" "^7.0.0"
      "@babel/helper-regex" "^7.0.0"
      regexpu-core "^4.1.3"
  
  "@babel/plugin-transform-duplicate-keys@^7.2.0":
    version "7.2.0"
    resolved "http://xnpm.repo.xunlei.cn/@babel%2fplugin-transform-duplicate-keys/-/plugin-transform-duplicate-keys-7.2.0.tgz#d952c4930f312a4dbfff18f0b2914e60c35530b3"
    dependencies:
      "@babel/helper-plugin-utils" "^7.0.0"
  
  "@babel/plugin-transform-exponentiation-operator@^7.2.0":
    version "7.2.0"
    resolved "http://xnpm.repo.xunlei.cn/@babel%2fplugin-transform-exponentiation-operator/-/plugin-transform-exponentiation-operator-7.2.0.tgz#a63868289e5b4007f7054d46491af51435766008"
    dependencies:
      "@babel/helper-builder-binary-assignment-operator-visitor" "^7.1.0"
      "@babel/helper-plugin-utils" "^7.0.0"
  
  "@babel/plugin-transform-for-of@^7.2.0":
    version "7.2.0"
    resolved "http://xnpm.repo.xunlei.cn/@babel%2fplugin-transform-for-of/-/plugin-transform-for-of-7.2.0.tgz#ab7468befa80f764bb03d3cb5eef8cc998e1cad9"
    dependencies:
      "@babel/helper-plugin-utils" "^7.0.0"
  
  "@babel/plugin-transform-function-name@^7.2.0":
    version "7.2.0"
    resolved "http://xnpm.repo.xunlei.cn/@babel%2fplugin-transform-function-name/-/plugin-transform-function-name-7.2.0.tgz#f7930362829ff99a3174c39f0afcc024ef59731a"
    dependencies:
      "@babel/helper-function-name" "^7.1.0"
      "@babel/helper-plugin-utils" "^7.0.0"
  
  "@babel/plugin-transform-literals@^7.2.0":
    version "7.2.0"
    resolved "http://xnpm.repo.xunlei.cn/@babel%2fplugin-transform-literals/-/plugin-transform-literals-7.2.0.tgz#690353e81f9267dad4fd8cfd77eafa86aba53ea1"
    dependencies:
      "@babel/helper-plugin-utils" "^7.0.0"
  
  "@babel/plugin-transform-modules-amd@^7.2.0":
    version "7.2.0"
    resolved "http://xnpm.repo.xunlei.cn/@babel%2fplugin-transform-modules-amd/-/plugin-transform-modules-amd-7.2.0.tgz#82a9bce45b95441f617a24011dc89d12da7f4ee6"
    dependencies:
      "@babel/helper-module-transforms" "^7.1.0"
      "@babel/helper-plugin-utils" "^7.0.0"
  
  "@babel/plugin-transform-modules-commonjs@^7.2.0":
    version "7.2.0"
    resolved "http://xnpm.repo.xunlei.cn/@babel%2fplugin-transform-modules-commonjs/-/plugin-transform-modules-commonjs-7.2.0.tgz#c4f1933f5991d5145e9cfad1dfd848ea1727f404"
    dependencies:
      "@babel/helper-module-transforms" "^7.1.0"
      "@babel/helper-plugin-utils" "^7.0.0"
      "@babel/helper-simple-access" "^7.1.0"
  
  "@babel/plugin-transform-modules-systemjs@^7.3.4":
    version "7.3.4"
    resolved "http://xnpm.repo.xunlei.cn/@babel%2fplugin-transform-modules-systemjs/-/plugin-transform-modules-systemjs-7.3.4.tgz#813b34cd9acb6ba70a84939f3680be0eb2e58861"
    dependencies:
      "@babel/helper-hoist-variables" "^7.0.0"
      "@babel/helper-plugin-utils" "^7.0.0"
  
  "@babel/plugin-transform-modules-umd@^7.2.0":
    version "7.2.0"
    resolved "http://xnpm.repo.xunlei.cn/@babel%2fplugin-transform-modules-umd/-/plugin-transform-modules-umd-7.2.0.tgz#7678ce75169f0877b8eb2235538c074268dd01ae"
    dependencies:
      "@babel/helper-module-transforms" "^7.1.0"
      "@babel/helper-plugin-utils" "^7.0.0"
  
  "@babel/plugin-transform-named-capturing-groups-regex@^7.3.0":
    version "7.3.0"
    resolved "http://xnpm.repo.xunlei.cn/@babel%2fplugin-transform-named-capturing-groups-regex/-/plugin-transform-named-capturing-groups-regex-7.3.0.tgz#140b52985b2d6ef0cb092ef3b29502b990f9cd50"
    dependencies:
      regexp-tree "^0.1.0"
  
  "@babel/plugin-transform-new-target@^7.0.0":
    version "7.0.0"
    resolved "http://xnpm.repo.xunlei.cn/@babel%2fplugin-transform-new-target/-/plugin-transform-new-target-7.0.0.tgz#ae8fbd89517fa7892d20e6564e641e8770c3aa4a"
    dependencies:
      "@babel/helper-plugin-utils" "^7.0.0"
  
  "@babel/plugin-transform-object-super@^7.2.0":
    version "7.2.0"
    resolved "http://xnpm.repo.xunlei.cn/@babel%2fplugin-transform-object-super/-/plugin-transform-object-super-7.2.0.tgz#b35d4c10f56bab5d650047dad0f1d8e8814b6598"
    dependencies:
      "@babel/helper-plugin-utils" "^7.0.0"
      "@babel/helper-replace-supers" "^7.1.0"
  
  "@babel/plugin-transform-parameters@^7.2.0":
    version "7.3.3"
    resolved "http://xnpm.repo.xunlei.cn/@babel%2fplugin-transform-parameters/-/plugin-transform-parameters-7.3.3.tgz#3a873e07114e1a5bee17d04815662c8317f10e30"
    dependencies:
      "@babel/helper-call-delegate" "^7.1.0"
      "@babel/helper-get-function-arity" "^7.0.0"
      "@babel/helper-plugin-utils" "^7.0.0"
  
  "@babel/plugin-transform-react-display-name@^7.0.0":
    version "7.2.0"
    resolved "http://xnpm.repo.xunlei.cn/@babel%2fplugin-transform-react-display-name/-/plugin-transform-react-display-name-7.2.0.tgz#ebfaed87834ce8dc4279609a4f0c324c156e3eb0"
    dependencies:
      "@babel/helper-plugin-utils" "^7.0.0"
  
  "@babel/plugin-transform-react-jsx-self@^7.0.0":
    version "7.2.0"
    resolved "http://xnpm.repo.xunlei.cn/@babel%2fplugin-transform-react-jsx-self/-/plugin-transform-react-jsx-self-7.2.0.tgz#461e21ad9478f1031dd5e276108d027f1b5240ba"
    dependencies:
      "@babel/helper-plugin-utils" "^7.0.0"
      "@babel/plugin-syntax-jsx" "^7.2.0"
  
  "@babel/plugin-transform-react-jsx-source@^7.0.0":
    version "7.2.0"
    resolved "http://xnpm.repo.xunlei.cn/@babel%2fplugin-transform-react-jsx-source/-/plugin-transform-react-jsx-source-7.2.0.tgz#20c8c60f0140f5dd3cd63418d452801cf3f7180f"
    dependencies:
      "@babel/helper-plugin-utils" "^7.0.0"
      "@babel/plugin-syntax-jsx" "^7.2.0"
  
  "@babel/plugin-transform-react-jsx@^7.0.0":
    version "7.3.0"
    resolved "http://xnpm.repo.xunlei.cn/@babel%2fplugin-transform-react-jsx/-/plugin-transform-react-jsx-7.3.0.tgz#f2cab99026631c767e2745a5368b331cfe8f5290"
    dependencies:
      "@babel/helper-builder-react-jsx" "^7.3.0"
      "@babel/helper-plugin-utils" "^7.0.0"
      "@babel/plugin-syntax-jsx" "^7.2.0"
  
  "@babel/plugin-transform-regenerator@^7.3.4":
    version "7.3.4"
    resolved "http://xnpm.repo.xunlei.cn/@babel%2fplugin-transform-regenerator/-/plugin-transform-regenerator-7.3.4.tgz#1601655c362f5b38eead6a52631f5106b29fa46a"
    dependencies:
      regenerator-transform "^0.13.4"
  
  "@babel/plugin-transform-shorthand-properties@^7.2.0":
    version "7.2.0"
    resolved "http://xnpm.repo.xunlei.cn/@babel%2fplugin-transform-shorthand-properties/-/plugin-transform-shorthand-properties-7.2.0.tgz#6333aee2f8d6ee7e28615457298934a3b46198f0"
    dependencies:
      "@babel/helper-plugin-utils" "^7.0.0"
  
  "@babel/plugin-transform-spread@^7.2.0":
    version "7.2.2"
    resolved "http://xnpm.repo.xunlei.cn/@babel%2fplugin-transform-spread/-/plugin-transform-spread-7.2.2.tgz#3103a9abe22f742b6d406ecd3cd49b774919b406"
    dependencies:
      "@babel/helper-plugin-utils" "^7.0.0"
  
  "@babel/plugin-transform-sticky-regex@^7.2.0":
    version "7.2.0"
    resolved "http://xnpm.repo.xunlei.cn/@babel%2fplugin-transform-sticky-regex/-/plugin-transform-sticky-regex-7.2.0.tgz#a1e454b5995560a9c1e0d537dfc15061fd2687e1"
    dependencies:
      "@babel/helper-plugin-utils" "^7.0.0"
      "@babel/helper-regex" "^7.0.0"
  
  "@babel/plugin-transform-template-literals@^7.2.0":
    version "7.2.0"
    resolved "http://xnpm.repo.xunlei.cn/@babel%2fplugin-transform-template-literals/-/plugin-transform-template-literals-7.2.0.tgz#d87ed01b8eaac7a92473f608c97c089de2ba1e5b"
    dependencies:
      "@babel/helper-annotate-as-pure" "^7.0.0"
      "@babel/helper-plugin-utils" "^7.0.0"
  
  "@babel/plugin-transform-typeof-symbol@^7.2.0":
    version "7.2.0"
    resolved "http://xnpm.repo.xunlei.cn/@babel%2fplugin-transform-typeof-symbol/-/plugin-transform-typeof-symbol-7.2.0.tgz#117d2bcec2fbf64b4b59d1f9819894682d29f2b2"
    dependencies:
      "@babel/helper-plugin-utils" "^7.0.0"
  
  "@babel/plugin-transform-unicode-regex@^7.2.0":
    version "7.2.0"
    resolved "http://xnpm.repo.xunlei.cn/@babel%2fplugin-transform-unicode-regex/-/plugin-transform-unicode-regex-7.2.0.tgz#4eb8db16f972f8abb5062c161b8b115546ade08b"
    dependencies:
      "@babel/helper-plugin-utils" "^7.0.0"
      "@babel/helper-regex" "^7.0.0"
      regexpu-core "^4.1.3"
  
  "@babel/preset-env@^7.3.4":
    version "7.3.4"
    resolved "http://xnpm.repo.xunlei.cn/@babel%2fpreset-env/-/preset-env-7.3.4.tgz#887cf38b6d23c82f19b5135298bdb160062e33e1"
    dependencies:
      "@babel/helper-module-imports" "^7.0.0"
      "@babel/helper-plugin-utils" "^7.0.0"
      "@babel/plugin-proposal-async-generator-functions" "^7.2.0"
      "@babel/plugin-proposal-json-strings" "^7.2.0"
      "@babel/plugin-proposal-object-rest-spread" "^7.3.4"
      "@babel/plugin-proposal-optional-catch-binding" "^7.2.0"
      "@babel/plugin-proposal-unicode-property-regex" "^7.2.0"
      "@babel/plugin-syntax-async-generators" "^7.2.0"
      "@babel/plugin-syntax-json-strings" "^7.2.0"
      "@babel/plugin-syntax-object-rest-spread" "^7.2.0"
      "@babel/plugin-syntax-optional-catch-binding" "^7.2.0"
      "@babel/plugin-transform-arrow-functions" "^7.2.0"
      "@babel/plugin-transform-async-to-generator" "^7.3.4"
      "@babel/plugin-transform-block-scoped-functions" "^7.2.0"
      "@babel/plugin-transform-block-scoping" "^7.3.4"
      "@babel/plugin-transform-classes" "^7.3.4"
      "@babel/plugin-transform-computed-properties" "^7.2.0"
      "@babel/plugin-transform-destructuring" "^7.2.0"
      "@babel/plugin-transform-dotall-regex" "^7.2.0"
      "@babel/plugin-transform-duplicate-keys" "^7.2.0"
      "@babel/plugin-transform-exponentiation-operator" "^7.2.0"
      "@babel/plugin-transform-for-of" "^7.2.0"
      "@babel/plugin-transform-function-name" "^7.2.0"
      "@babel/plugin-transform-literals" "^7.2.0"
      "@babel/plugin-transform-modules-amd" "^7.2.0"
      "@babel/plugin-transform-modules-commonjs" "^7.2.0"
      "@babel/plugin-transform-modules-systemjs" "^7.3.4"
      "@babel/plugin-transform-modules-umd" "^7.2.0"
      "@babel/plugin-transform-named-capturing-groups-regex" "^7.3.0"
      "@babel/plugin-transform-new-target" "^7.0.0"
      "@babel/plugin-transform-object-super" "^7.2.0"
      "@babel/plugin-transform-parameters" "^7.2.0"
      "@babel/plugin-transform-regenerator" "^7.3.4"
      "@babel/plugin-transform-shorthand-properties" "^7.2.0"
      "@babel/plugin-transform-spread" "^7.2.0"
      "@babel/plugin-transform-sticky-regex" "^7.2.0"
      "@babel/plugin-transform-template-literals" "^7.2.0"
      "@babel/plugin-transform-typeof-symbol" "^7.2.0"
      "@babel/plugin-transform-unicode-regex" "^7.2.0"
      browserslist "^4.3.4"
      invariant "^2.2.2"
      js-levenshtein "^1.1.3"
      semver "^5.3.0"
  
  "@babel/preset-react@^7.0.0":
    version "7.0.0"
    resolved "http://xnpm.repo.xunlei.cn/@babel%2fpreset-react/-/preset-react-7.0.0.tgz#e86b4b3d99433c7b3e9e91747e2653958bc6b3c0"
    dependencies:
      "@babel/helper-plugin-utils" "^7.0.0"
      "@babel/plugin-transform-react-display-name" "^7.0.0"
      "@babel/plugin-transform-react-jsx" "^7.0.0"
      "@babel/plugin-transform-react-jsx-self" "^7.0.0"
      "@babel/plugin-transform-react-jsx-source" "^7.0.0"
  
  "@babel/template@^7.1.0", "@babel/template@^7.1.2", "@babel/template@^7.2.2":
    version "7.2.2"
    resolved "http://xnpm.repo.xunlei.cn/@babel%2ftemplate/-/template-7.2.2.tgz#005b3fdf0ed96e88041330379e0da9a708eb2907"
    dependencies:
      "@babel/code-frame" "^7.0.0"
      "@babel/parser" "^7.2.2"
      "@babel/types" "^7.2.2"
  
  "@babel/traverse@^7.1.0", "@babel/traverse@^7.1.5", "@babel/traverse@^7.3.4":
    version "7.3.4"
    resolved "http://xnpm.repo.xunlei.cn/@babel%2ftraverse/-/traverse-7.3.4.tgz#1330aab72234f8dea091b08c4f8b9d05c7119e06"
    dependencies:
      "@babel/code-frame" "^7.0.0"
      "@babel/generator" "^7.3.4"
      "@babel/helper-function-name" "^7.1.0"
      "@babel/helper-split-export-declaration" "^7.0.0"
      "@babel/parser" "^7.3.4"
      "@babel/types" "^7.3.4"
      debug "^4.1.0"
      globals "^11.1.0"
      lodash "^4.17.11"
  
  "@babel/types@^7.0.0", "@babel/types@^7.2.0", "@babel/types@^7.2.2", "@babel/types@^7.3.0", "@babel/types@^7.3.4":
    version "7.3.4"
    resolved "http://xnpm.repo.xunlei.cn/@babel%2ftypes/-/types-7.3.4.tgz#bf482eaeaffb367a28abbf9357a94963235d90ed"
    dependencies:
      esutils "^2.0.2"
      lodash "^4.17.11"
      to-fast-properties "^2.0.0"
  
  ansi-styles@^3.2.1:
    version "3.2.1"
    resolved "http://xnpm.repo.xunlei.cn/ansi-styles/-/ansi-styles-3.2.1.tgz#41fbb20243e50b12be0f04b8dedbf07520ce841d"
    dependencies:
      color-convert "^1.9.0"
  
  babel-loader@^8.0.5:
    version "8.0.5"
    resolved "http://xnpm.repo.xunlei.cn/babel-loader/-/babel-loader-8.0.5.tgz#225322d7509c2157655840bba52e46b6c2f2fe33"
    dependencies:
      find-cache-dir "^2.0.0"
      loader-utils "^1.0.2"
      mkdirp "^0.5.1"
      util.promisify "^1.0.0"
  
  big.js@^5.2.2:
    version "5.2.2"
    resolved "http://xnpm.repo.xunlei.cn/big.js/-/big.js-5.2.2.tgz#65f0af382f578bcdc742bd9c281e9cb2d7768328"
  
  browserslist@^4.3.4:
    version "4.4.2"
    resolved "http://xnpm.repo.xunlei.cn/browserslist/-/browserslist-4.4.2.tgz#6ea8a74d6464bb0bd549105f659b41197d8f0ba2"
    dependencies:
      caniuse-lite "^1.0.30000939"
      electron-to-chromium "^1.3.113"
      node-releases "^1.1.8"
  
  caniuse-lite@^1.0.30000939:
    version "1.0.30000940"
    resolved "http://xnpm.repo.xunlei.cn/caniuse-lite/-/caniuse-lite-1.0.30000940.tgz#19f2b1497fbfa5b96b615963097c3757f27989ce"
  
  chalk@^2.0.0:
    version "2.4.2"
    resolved "http://xnpm.repo.xunlei.cn/chalk/-/chalk-2.4.2.tgz#cd42541677a54333cf541a49108c1432b44c9424"
    dependencies:
      ansi-styles "^3.2.1"
      escape-string-regexp "^1.0.5"
      supports-color "^5.3.0"
  
  color-convert@^1.9.0:
    version "1.9.3"
    resolved "http://xnpm.repo.xunlei.cn/color-convert/-/color-convert-1.9.3.tgz#bb71850690e1f136567de629d2d5471deda4c1e8"
    dependencies:
      color-name "1.1.3"
  
  color-name@1.1.3:
    version "1.1.3"
    resolved "http://xnpm.repo.xunlei.cn/color-name/-/color-name-1.1.3.tgz#a7d0558bd89c42f795dd42328f740831ca53bc25"
  
  commondir@^1.0.1:
    version "1.0.1"
    resolved "http://xnpm.repo.xunlei.cn/commondir/-/commondir-1.0.1.tgz#ddd800da0c66127393cca5950ea968a3aaf1253b"
  
  convert-source-map@^1.1.0:
    version "1.6.0"
    resolved "http://xnpm.repo.xunlei.cn/convert-source-map/-/convert-source-map-1.6.0.tgz#51b537a8c43e0f04dec1993bffcdd504e758ac20"
    dependencies:
      safe-buffer "~5.1.1"
  
  debug@^4.1.0:
    version "4.1.1"
    resolved "http://xnpm.repo.xunlei.cn/debug/-/debug-4.1.1.tgz#3b72260255109c6b589cee050f1d516139664791"
    dependencies:
      ms "^2.1.1"
  
  define-properties@^1.1.2:
    version "1.1.3"
    resolved "http://xnpm.repo.xunlei.cn/define-properties/-/define-properties-1.1.3.tgz#cf88da6cbee26fe6db7094f61d870cbd84cee9f1"
    dependencies:
      object-keys "^1.0.12"
  
  electron-to-chromium@^1.3.113:
    version "1.3.113"
    resolved "http://xnpm.repo.xunlei.cn/electron-to-chromium/-/electron-to-chromium-1.3.113.tgz#b1ccf619df7295aea17bc6951dc689632629e4a9"
  
  emojis-list@^2.0.0:
    version "2.1.0"
    resolved "http://xnpm.repo.xunlei.cn/emojis-list/-/emojis-list-2.1.0.tgz#4daa4d9db00f9819880c79fa457ae5b09a1fd389"
  
  es-abstract@^1.5.1:
    version "1.13.0"
    resolved "http://xnpm.repo.xunlei.cn/es-abstract/-/es-abstract-1.13.0.tgz#ac86145fdd5099d8dd49558ccba2eaf9b88e24e9"
    dependencies:
      es-to-primitive "^1.2.0"
      function-bind "^1.1.1"
      has "^1.0.3"
      is-callable "^1.1.4"
      is-regex "^1.0.4"
      object-keys "^1.0.12"
  
  es-to-primitive@^1.2.0:
    version "1.2.0"
    resolved "http://xnpm.repo.xunlei.cn/es-to-primitive/-/es-to-primitive-1.2.0.tgz#edf72478033456e8dda8ef09e00ad9650707f377"
    dependencies:
      is-callable "^1.1.4"
      is-date-object "^1.0.1"
      is-symbol "^1.0.2"
  
  escape-string-regexp@^1.0.5:
    version "1.0.5"
    resolved "http://xnpm.repo.xunlei.cn/escape-string-regexp/-/escape-string-regexp-1.0.5.tgz#1b61c0562190a8dff6ae3bb2cf0200ca130b86d4"
  
  esutils@^2.0.0, esutils@^2.0.2:
    version "2.0.2"
    resolved "http://xnpm.repo.xunlei.cn/esutils/-/esutils-2.0.2.tgz#0abf4f1caa5bcb1f7a9d8acc6dea4faaa04bac9b"
  
  find-cache-dir@^2.0.0:
    version "2.0.0"
    resolved "http://xnpm.repo.xunlei.cn/find-cache-dir/-/find-cache-dir-2.0.0.tgz#4c1faed59f45184530fb9d7fa123a4d04a98472d"
    dependencies:
      commondir "^1.0.1"
      make-dir "^1.0.0"
      pkg-dir "^3.0.0"
  
  find-up@^3.0.0:
    version "3.0.0"
    resolved "http://xnpm.repo.xunlei.cn/find-up/-/find-up-3.0.0.tgz#49169f1d7993430646da61ecc5ae355c21c97b73"
    dependencies:
      locate-path "^3.0.0"
  
  function-bind@^1.1.1:
    version "1.1.1"
    resolved "http://xnpm.repo.xunlei.cn/function-bind/-/function-bind-1.1.1.tgz#a56899d3ea3c9bab874bb9773b7c5ede92f4895d"
  
  globals@^11.1.0:
    version "11.11.0"
    resolved "http://xnpm.repo.xunlei.cn/globals/-/globals-11.11.0.tgz#dcf93757fa2de5486fbeed7118538adf789e9c2e"
  
  has-flag@^3.0.0:
    version "3.0.0"
    resolved "http://xnpm.repo.xunlei.cn/has-flag/-/has-flag-3.0.0.tgz#b5d454dc2199ae225699f3467e5a07f3b955bafd"
  
  has-symbols@^1.0.0:
    version "1.0.0"
    resolved "http://xnpm.repo.xunlei.cn/has-symbols/-/has-symbols-1.0.0.tgz#ba1a8f1af2a0fc39650f5c850367704122063b44"
  
  has@^1.0.1, has@^1.0.3:
    version "1.0.3"
    resolved "http://xnpm.repo.xunlei.cn/has/-/has-1.0.3.tgz#722d7cbfc1f6aa8241f16dd814e011e1f41e8796"
    dependencies:
      function-bind "^1.1.1"
  
  invariant@^2.2.2:
    version "2.2.4"
    resolved "http://xnpm.repo.xunlei.cn/invariant/-/invariant-2.2.4.tgz#610f3c92c9359ce1db616e538008d23ff35158e6"
    dependencies:
      loose-envify "^1.0.0"
  
  is-callable@^1.1.4:
    version "1.1.4"
    resolved "http://xnpm.repo.xunlei.cn/is-callable/-/is-callable-1.1.4.tgz#1e1adf219e1eeb684d691f9d6a05ff0d30a24d75"
  
  is-date-object@^1.0.1:
    version "1.0.1"
    resolved "http://xnpm.repo.xunlei.cn/is-date-object/-/is-date-object-1.0.1.tgz#9aa20eb6aeebbff77fbd33e74ca01b33581d3a16"
  
  is-regex@^1.0.4:
    version "1.0.4"
    resolved "http://xnpm.repo.xunlei.cn/is-regex/-/is-regex-1.0.4.tgz#5517489b547091b0930e095654ced25ee97e9491"
    dependencies:
      has "^1.0.1"
  
  is-symbol@^1.0.2:
    version "1.0.2"
    resolved "http://xnpm.repo.xunlei.cn/is-symbol/-/is-symbol-1.0.2.tgz#a055f6ae57192caee329e7a860118b497a950f38"
    dependencies:
      has-symbols "^1.0.0"
  
  js-levenshtein@^1.1.3:
    version "1.1.6"
    resolved "http://xnpm.repo.xunlei.cn/js-levenshtein/-/js-levenshtein-1.1.6.tgz#c6cee58eb3550372df8deb85fad5ce66ce01d59d"
  
  "js-tokens@^3.0.0 || ^4.0.0", js-tokens@^4.0.0:
    version "4.0.0"
    resolved "http://xnpm.repo.xunlei.cn/js-tokens/-/js-tokens-4.0.0.tgz#19203fb59991df98e3a287050d4647cdeaf32499"
  
  jsesc@^2.5.1:
    version "2.5.2"
    resolved "http://xnpm.repo.xunlei.cn/jsesc/-/jsesc-2.5.2.tgz#80564d2e483dacf6e8ef209650a67df3f0c283a4"
  
  jsesc@~0.5.0:
    version "0.5.0"
    resolved "http://xnpm.repo.xunlei.cn/jsesc/-/jsesc-0.5.0.tgz#e7dee66e35d6fc16f710fe91d5cf69f70f08911d"
  
  json5@^1.0.1:
    version "1.0.1"
    resolved "http://xnpm.repo.xunlei.cn/json5/-/json5-1.0.1.tgz#779fb0018604fa854eacbf6252180d83543e3dbe"
    dependencies:
      minimist "^1.2.0"
  
  json5@^2.1.0:
    version "2.1.0"
    resolved "http://xnpm.repo.xunlei.cn/json5/-/json5-2.1.0.tgz#e7a0c62c48285c628d20a10b85c89bb807c32850"
    dependencies:
      minimist "^1.2.0"
  
  loader-utils@^1.0.2:
    version "1.2.3"
    resolved "http://xnpm.repo.xunlei.cn/loader-utils/-/loader-utils-1.2.3.tgz#1ff5dc6911c9f0a062531a4c04b609406108c2c7"
    dependencies:
      big.js "^5.2.2"
      emojis-list "^2.0.0"
      json5 "^1.0.1"
  
  locate-path@^3.0.0:
    version "3.0.0"
    resolved "http://xnpm.repo.xunlei.cn/locate-path/-/locate-path-3.0.0.tgz#dbec3b3ab759758071b58fe59fc41871af21400e"
    dependencies:
      p-locate "^3.0.0"
      path-exists "^3.0.0"
  
  lodash@^4.17.10, lodash@^4.17.11:
    version "4.17.11"
    resolved "http://xnpm.repo.xunlei.cn/lodash/-/lodash-4.17.11.tgz#b39ea6229ef607ecd89e2c8df12536891cac9b8d"
  
  loose-envify@^1.0.0, loose-envify@^1.1.0, loose-envify@^1.4.0:
    version "1.4.0"
    resolved "http://xnpm.repo.xunlei.cn/loose-envify/-/loose-envify-1.4.0.tgz#71ee51fa7be4caec1a63839f7e682d8132d30caf"
    dependencies:
      js-tokens "^3.0.0 || ^4.0.0"
  
  make-dir@^1.0.0:
    version "1.3.0"
    resolved "http://xnpm.repo.xunlei.cn/make-dir/-/make-dir-1.3.0.tgz#79c1033b80515bd6d24ec9933e860ca75ee27f0c"
    dependencies:
      pify "^3.0.0"
  
  minimist@0.0.8:
    version "0.0.8"
    resolved "http://xnpm.repo.xunlei.cn/minimist/-/minimist-0.0.8.tgz#857fcabfc3397d2625b8228262e86aa7a011b05d"
  
  minimist@^1.2.0:
    version "1.2.0"
    resolved "http://xnpm.repo.xunlei.cn/minimist/-/minimist-1.2.0.tgz#a35008b20f41383eec1fb914f4cd5df79a264284"
  
  mkdirp@^0.5.1:
    version "0.5.1"
    resolved "http://xnpm.repo.xunlei.cn/mkdirp/-/mkdirp-0.5.1.tgz#30057438eac6cf7f8c4767f38648d6697d75c903"
    dependencies:
      minimist "0.0.8"
  
  ms@^2.1.1:
    version "2.1.1"
    resolved "http://xnpm.repo.xunlei.cn/ms/-/ms-2.1.1.tgz#30a5864eb3ebb0a66f2ebe6d727af06a09d86e0a"
  
  node-releases@^1.1.8:
    version "1.1.9"
    resolved "http://xnpm.repo.xunlei.cn/node-releases/-/node-releases-1.1.9.tgz#70d0985ec4bf7de9f08fc481f5dae111889ca482"
    dependencies:
      semver "^5.3.0"
  
  object-assign@^4.1.1:
    version "4.1.1"
    resolved "http://xnpm.repo.xunlei.cn/object-assign/-/object-assign-4.1.1.tgz#2109adc7965887cfc05cbbd442cac8bfbb360863"
  
  object-keys@^1.0.12:
    version "1.1.0"
    resolved "http://xnpm.repo.xunlei.cn/object-keys/-/object-keys-1.1.0.tgz#11bd22348dd2e096a045ab06f6c85bcc340fa032"
  
  object.getownpropertydescriptors@^2.0.3:
    version "2.0.3"
    resolved "http://xnpm.repo.xunlei.cn/object.getownpropertydescriptors/-/object.getownpropertydescriptors-2.0.3.tgz#8758c846f5b407adab0f236e0986f14b051caa16"
    dependencies:
      define-properties "^1.1.2"
      es-abstract "^1.5.1"
  
  p-limit@^2.0.0:
    version "2.2.0"
    resolved "http://xnpm.repo.xunlei.cn/p-limit/-/p-limit-2.2.0.tgz#417c9941e6027a9abcba5092dd2904e255b5fbc2"
    dependencies:
      p-try "^2.0.0"
  
  p-locate@^3.0.0:
    version "3.0.0"
    resolved "http://xnpm.repo.xunlei.cn/p-locate/-/p-locate-3.0.0.tgz#322d69a05c0264b25997d9f40cd8a891ab0064a4"
    dependencies:
      p-limit "^2.0.0"
  
  p-try@^2.0.0:
    version "2.0.0"
    resolved "http://xnpm.repo.xunlei.cn/p-try/-/p-try-2.0.0.tgz#85080bb87c64688fa47996fe8f7dfbe8211760b1"
  
  path-exists@^3.0.0:
    version "3.0.0"
    resolved "http://xnpm.repo.xunlei.cn/path-exists/-/path-exists-3.0.0.tgz#ce0ebeaa5f78cb18925ea7d810d7b59b010fd515"
  
  path-parse@^1.0.6:
    version "1.0.6"
    resolved "http://xnpm.repo.xunlei.cn/path-parse/-/path-parse-1.0.6.tgz#d62dbb5679405d72c4737ec58600e9ddcf06d24c"
  
  pify@^3.0.0:
    version "3.0.0"
    resolved "http://xnpm.repo.xunlei.cn/pify/-/pify-3.0.0.tgz#e5a4acd2c101fdf3d9a4d07f0dbc4db49dd28176"
  
  pkg-dir@^3.0.0:
    version "3.0.0"
    resolved "http://xnpm.repo.xunlei.cn/pkg-dir/-/pkg-dir-3.0.0.tgz#2749020f239ed990881b1f71210d51eb6523bea3"
    dependencies:
      find-up "^3.0.0"
  
  private@^0.1.6:
    version "0.1.8"
    resolved "http://xnpm.repo.xunlei.cn/private/-/private-0.1.8.tgz#2381edb3689f7a53d653190060fcf822d2f368ff"
  
  prop-types@^15.6.2:
    version "15.7.2"
    resolved "http://xnpm.repo.xunlei.cn/prop-types/-/prop-types-15.7.2.tgz#52c41e75b8c87e72b9d9360e0206b99dcbffa6c5"
    dependencies:
      loose-envify "^1.4.0"
      object-assign "^4.1.1"
      react-is "^16.8.1"
  
  react-dom@^16.8.3:
    version "16.8.3"
    resolved "http://xnpm.repo.xunlei.cn/react-dom/-/react-dom-16.8.3.tgz#ae236029e66210783ac81999d3015dfc475b9c32"
    dependencies:
      loose-envify "^1.1.0"
      object-assign "^4.1.1"
      prop-types "^15.6.2"
      scheduler "^0.13.3"
  
  react-is@^16.8.1:
    version "16.8.3"
    resolved "http://xnpm.repo.xunlei.cn/react-is/-/react-is-16.8.3.tgz#4ad8b029c2a718fc0cfc746c8d4e1b7221e5387d"
  
  react@^16.8.3:
    version "16.8.3"
    resolved "http://xnpm.repo.xunlei.cn/react/-/react-16.8.3.tgz#c6f988a2ce895375de216edcfaedd6b9a76451d9"
    dependencies:
      loose-envify "^1.1.0"
      object-assign "^4.1.1"
      prop-types "^15.6.2"
      scheduler "^0.13.3"
  
  regenerate-unicode-properties@^7.0.0:
    version "7.0.0"
    resolved "http://xnpm.repo.xunlei.cn/regenerate-unicode-properties/-/regenerate-unicode-properties-7.0.0.tgz#107405afcc4a190ec5ed450ecaa00ed0cafa7a4c"
    dependencies:
      regenerate "^1.4.0"
  
  regenerate@^1.4.0:
    version "1.4.0"
    resolved "http://xnpm.repo.xunlei.cn/regenerate/-/regenerate-1.4.0.tgz#4a856ec4b56e4077c557589cae85e7a4c8869a11"
  
  regenerator-transform@^0.13.4:
    version "0.13.4"
    resolved "http://xnpm.repo.xunlei.cn/regenerator-transform/-/regenerator-transform-0.13.4.tgz#18f6763cf1382c69c36df76c6ce122cc694284fb"
    dependencies:
      private "^0.1.6"
  
  regexp-tree@^0.1.0:
    version "0.1.5"
    resolved "http://xnpm.repo.xunlei.cn/regexp-tree/-/regexp-tree-0.1.5.tgz#7cd71fca17198d04b4176efd79713f2998009397"
  
  regexpu-core@^4.1.3, regexpu-core@^4.2.0:
    version "4.4.0"
    resolved "http://xnpm.repo.xunlei.cn/regexpu-core/-/regexpu-core-4.4.0.tgz#8d43e0d1266883969720345e70c275ee0aec0d32"
    dependencies:
      regenerate "^1.4.0"
      regenerate-unicode-properties "^7.0.0"
      regjsgen "^0.5.0"
      regjsparser "^0.6.0"
      unicode-match-property-ecmascript "^1.0.4"
      unicode-match-property-value-ecmascript "^1.0.2"
  
  regjsgen@^0.5.0:
    version "0.5.0"
    resolved "http://xnpm.repo.xunlei.cn/regjsgen/-/regjsgen-0.5.0.tgz#a7634dc08f89209c2049adda3525711fb97265dd"
  
  regjsparser@^0.6.0:
    version "0.6.0"
    resolved "http://xnpm.repo.xunlei.cn/regjsparser/-/regjsparser-0.6.0.tgz#f1e6ae8b7da2bae96c99399b868cd6c933a2ba9c"
    dependencies:
      jsesc "~0.5.0"
  
  resolve@^1.3.2:
    version "1.10.0"
    resolved "http://xnpm.repo.xunlei.cn/resolve/-/resolve-1.10.0.tgz#3bdaaeaf45cc07f375656dfd2e54ed0810b101ba"
    dependencies:
      path-parse "^1.0.6"
  
  safe-buffer@~5.1.1:
    version "5.1.2"
    resolved "http://xnpm.repo.xunlei.cn/safe-buffer/-/safe-buffer-5.1.2.tgz#991ec69d296e0313747d59bdfd2b745c35f8828d"
  
  scheduler@^0.13.3:
    version "0.13.3"
    resolved "http://xnpm.repo.xunlei.cn/scheduler/-/scheduler-0.13.3.tgz#bed3c5850f62ea9c716a4d781f9daeb9b2a58896"
    dependencies:
      loose-envify "^1.1.0"
      object-assign "^4.1.1"
  
  semver@^5.3.0, semver@^5.4.1:
    version "5.6.0"
    resolved "http://xnpm.repo.xunlei.cn/semver/-/semver-5.6.0.tgz#7e74256fbaa49c75aa7c7a205cc22799cac80004"
  
  source-map@^0.5.0:
    version "0.5.7"
    resolved "http://xnpm.repo.xunlei.cn/source-map/-/source-map-0.5.7.tgz#8a039d2d1021d22d1ea14c80d8ea468ba2ef3fcc"
  
  supports-color@^5.3.0:
    version "5.5.0"
    resolved "http://xnpm.repo.xunlei.cn/supports-color/-/supports-color-5.5.0.tgz#e2e69a44ac8772f78a1ec0b35b689df6530efc8f"
    dependencies:
      has-flag "^3.0.0"
  
  to-fast-properties@^2.0.0:
    version "2.0.0"
    resolved "http://xnpm.repo.xunlei.cn/to-fast-properties/-/to-fast-properties-2.0.0.tgz#dc5e698cbd079265bc73e0377681a4e4e83f616e"
  
  trim-right@^1.0.1:
    version "1.0.1"
    resolved "http://xnpm.repo.xunlei.cn/trim-right/-/trim-right-1.0.1.tgz#cb2e1203067e0c8de1f614094b9fe45704ea6003"
  
  unicode-canonical-property-names-ecmascript@^1.0.4:
    version "1.0.4"
    resolved "http://xnpm.repo.xunlei.cn/unicode-canonical-property-names-ecmascript/-/unicode-canonical-property-names-ecmascript-1.0.4.tgz#2619800c4c825800efdd8343af7dd9933cbe2818"
  
  unicode-match-property-ecmascript@^1.0.4:
    version "1.0.4"
    resolved "http://xnpm.repo.xunlei.cn/unicode-match-property-ecmascript/-/unicode-match-property-ecmascript-1.0.4.tgz#8ed2a32569961bce9227d09cd3ffbb8fed5f020c"
    dependencies:
      unicode-canonical-property-names-ecmascript "^1.0.4"
      unicode-property-aliases-ecmascript "^1.0.4"
  
  unicode-match-property-value-ecmascript@^1.0.2:
    version "1.0.2"
    resolved "http://xnpm.repo.xunlei.cn/unicode-match-property-value-ecmascript/-/unicode-match-property-value-ecmascript-1.0.2.tgz#9f1dc76926d6ccf452310564fd834ace059663d4"
  
  unicode-property-aliases-ecmascript@^1.0.4:
    version "1.0.4"
    resolved "http://xnpm.repo.xunlei.cn/unicode-property-aliases-ecmascript/-/unicode-property-aliases-ecmascript-1.0.4.tgz#5a533f31b4317ea76f17d807fa0d116546111dd0"
  
  util.promisify@^1.0.0:
    version "1.0.0"
    resolved "http://xnpm.repo.xunlei.cn/util.promisify/-/util.promisify-1.0.0.tgz#440f7165a459c9a16dc145eb8e72f35687097030"
    dependencies:
      define-properties "^1.1.2"
      object.getownpropertydescriptors "^2.0.3"
